<?xml version="1.0" encoding="UTF-8"?>
<!-- Generated by org.testng.reporters.JUnitReportReporter -->
<testsuite hostname="DESKTOP-OGNOMB7" failures="0" tests="1" name="com.jala.qa.utility.TestUtils" time="1.656" errors="0" timestamp="2024-09-01T20:46:35 IST" skipped="0">
  <testcase classname="com.jala.qa.utility.TestUtils" name="CollectDataFromExcel" time="1.656"/>
  <system-out/>
</testsuite> <!-- com.jala.qa.utility.TestUtils -->
