<?xml version="1.0" encoding="UTF-8"?>
<!-- Generated by org.testng.reporters.JUnitReportReporter -->
<testsuite hostname="DESKTOP-OGNOMB7" failures="0" tests="1" name="com.jala.qa.testbase.TestBase" time="34.037" errors="0" timestamp="2024-08-19T21:19:21 IST" skipped="0">
  <testcase classname="com.jala.qa.testbase.TestBase" name="Initilization" time="34.037"/>
  <system-out/>
</testsuite> <!-- com.jala.qa.testbase.TestBase -->
