<?xml version="1.0" encoding="UTF-8"?>
<!-- Generated by org.testng.reporters.JUnitReportReporter -->
<testsuite hostname="DESKTOP-OGNOMB7" failures="0" tests="6" name="com.jala.qa.testpage.CreateEmployeeTestPage" time="177.105" errors="0" timestamp="2024-09-01T20:57:43 IST" skipped="0">
  <testcase classname="com.jala.qa.testpage.CreateEmployeeTestPage" name="validateEmployeeDetails" time="29.115"/>
  <system-out>
    <![CDATA[we can able to enter into firstName field]]>
  </system-out>
  <testcase classname="com.jala.qa.testpage.CreateEmployeeTestPage" name="validateEmployeeDetails" time="28.770"/>
  <system-out>
    <![CDATA[we can able to enter into firstName field]]>
  </system-out>
  <testcase classname="com.jala.qa.testpage.CreateEmployeeTestPage" name="validateEmployeeDetails" time="29.512"/>
  <system-out>
    <![CDATA[we can able to enter into firstName field]]>
  </system-out>
  <testcase classname="com.jala.qa.testpage.CreateEmployeeTestPage" name="validateEmployeeDetails" time="28.246"/>
  <system-out>
    <![CDATA[we can able to enter into firstName field]]>
  </system-out>
  <testcase classname="com.jala.qa.testpage.CreateEmployeeTestPage" name="validateEmployeeDetails" time="31.491"/>
  <system-out>
    <![CDATA[we can able to enter into firstName field]]>
  </system-out>
  <testcase classname="com.jala.qa.testpage.CreateEmployeeTestPage" name="validateEmployeeDetails" time="29.971"/>
  <system-out>
    <![CDATA[we can able to enter into firstName field]]>
  </system-out>
</testsuite> <!-- com.jala.qa.testpage.CreateEmployeeTestPage -->
