<?xml version="1.0" encoding="UTF-8"?>
<!-- Generated by org.testng.reporters.JUnitReportReporter -->
<testsuite hostname="DESKTOP-OGNOMB7" failures="0" tests="1" name="com.jala.qa.utility.TestUtil" time="1.433" errors="0" timestamp="2024-08-26T21:41:16 IST" skipped="0">
  <testcase classname="com.jala.qa.utility.TestUtil" name="CollectDataFromExcel" time="1.433"/>
  <system-out/>
</testsuite> <!-- com.jala.qa.utility.TestUtil -->
