<?xml version="1.0" encoding="UTF-8"?>
<!-- Generated by org.testng.reporters.JUnitReportReporter -->
<testsuite hostname="DESKTOP-OGNOMB7" failures="0" tests="3" name="com.jala.qa.testpage.CreateEmployeeTestPage" time="87.661" errors="0" timestamp="2024-09-01T23:27:05 IST" skipped="0">
  <testcase classname="com.jala.qa.testpage.CreateEmployeeTestPage" name="validateEmployeeDetails" time="29.492"/>
  <system-out>
    <![CDATA[we can able to enter into firstName field]]>
  </system-out>
  <testcase classname="com.jala.qa.testpage.CreateEmployeeTestPage" name="validateEmployeeDetails" time="29.229"/>
  <system-out>
    <![CDATA[we can able to enter into firstName field]]>
  </system-out>
  <testcase classname="com.jala.qa.testpage.CreateEmployeeTestPage" name="validateEmployeeDetails" time="28.940"/>
  <system-out>
    <![CDATA[we can able to enter into firstName field]]>
  </system-out>
</testsuite> <!-- com.jala.qa.testpage.CreateEmployeeTestPage -->
