<?xml version="1.0" encoding="UTF-8"?>
<!-- Generated by org.testng.reporters.JUnitReportReporter -->
<testsuite hostname="DESKTOP-OGNOMB7" failures="0" tests="1" name="com.jala.qa.testpage.LoginTestPage" time="0.000" errors="0" timestamp="2024-09-03T21:35:11 IST" skipped="1">
  <testcase classname="com.jala.qa.testpage.LoginTestPage" name="validateLoginCredential" time="0.000">
    <skipped/>
  </testcase> <!-- validateLoginCredential -->
  <system-out/>
</testsuite> <!-- com.jala.qa.testpage.LoginTestPage -->
