<?xml version="1.0" encoding="UTF-8"?>
<!-- Generated by org.testng.reporters.JUnitReportReporter -->
<testsuite hostname="LAPTOP-KU8ODBUU" failures="0" tests="1" name="com.jala.qa.testpage.CreateEmployeeTestPage" time="27.035" errors="0" timestamp="2024-09-01T22:10:26 IST" skipped="0">
  <testcase classname="com.jala.qa.testpage.CreateEmployeeTestPage" name="validateEmployeeDetails" time="27.035"/>
  <system-out>
    <![CDATA[we can able to enter into firstName field]]>
  </system-out>
</testsuite> <!-- com.jala.qa.testpage.CreateEmployeeTestPage -->
